[
  {
    "provider":"ACPI.NFIT",
    "dev":"ndbus0",
    "scrub_state":"idle",
    "firmware":{
      "activate_method":"reset"
    },
    "dimms":[
      {
        "dev":"nmem1",
        "id":"8089-a2-2139-0000171d",
        "handle":272,
        "phys_id":4358,
        "security":"disabled",
        "firmware":{
          "current_version":8623494483,
          "can_update":true
        },
        "health":{
          "health_state":"ok",
          "temperature_celsius":35.0,
          "controller_temperature_celsius":34.0,
          "spares_percentage":100,
          "alarm_temperature":false,
          "alarm_controller_temperature":false,
          "alarm_spares":false,
          "alarm_enabled_media_temperature":true,
          "temperature_threshold":82.0,
          "alarm_enabled_ctrl_temperature":true,
          "controller_temperature_threshold":98.0,
          "alarm_enabled_spares":true,
          "spares_threshold":50,
          "shutdown_state":"clean",
          "shutdown_count":0
        }
      },
      {
        "dev":"nmem3",
        "id":"8089-a2-2139-000016be",
        "handle":784,
        "phys_id":4359,
        "security":"disabled",
        "firmware":{
          "current_version":8623494483,
          "can_update":true
        },
        "health":{
          "health_state":"ok",
          "temperature_celsius":33.0,
          "controller_temperature_celsius":32.0,
          "spares_percentage":100,
          "alarm_temperature":false,
          "alarm_controller_temperature":false,
          "alarm_spares":false,
          "alarm_enabled_media_temperature":true,
          "temperature_threshold":82.0,
          "alarm_enabled_ctrl_temperature":true,
          "controller_temperature_threshold":98.0,
          "alarm_enabled_spares":true,
          "spares_threshold":50,
          "shutdown_state":"clean",
          "shutdown_count":0
        }
      },
      {
        "dev":"nmem5",
        "id":"8089-a2-2139-0000186c",
        "handle":4368,
        "phys_id":4374,
        "security":"disabled",
        "firmware":{
          "current_version":8623494483,
          "can_update":true
        },
        "health":{
          "health_state":"ok",
          "temperature_celsius":31.0,
          "controller_temperature_celsius":33.0,
          "spares_percentage":100,
          "alarm_temperature":false,
          "alarm_controller_temperature":false,
          "alarm_spares":false,
          "alarm_enabled_media_temperature":true,
          "temperature_threshold":82.0,
          "alarm_enabled_ctrl_temperature":true,
          "controller_temperature_threshold":98.0,
          "alarm_enabled_spares":true,
          "spares_threshold":50,
          "shutdown_state":"clean",
          "shutdown_count":0
        }
      },
      {
        "dev":"nmem7",
        "id":"8089-a2-2139-00001879",
        "handle":4880,
        "phys_id":4375,
        "security":"disabled",
        "firmware":{
          "current_version":8623494483,
          "can_update":true
        },
        "health":{
          "health_state":"ok",
          "temperature_celsius":33.0,
          "controller_temperature_celsius":34.0,
          "spares_percentage":100,
          "alarm_temperature":false,
          "alarm_controller_temperature":false,
          "alarm_spares":false,
          "alarm_enabled_media_temperature":true,
          "temperature_threshold":82.0,
          "alarm_enabled_ctrl_temperature":true,
          "controller_temperature_threshold":98.0,
          "alarm_enabled_spares":true,
          "spares_threshold":50,
          "shutdown_state":"clean",
          "shutdown_count":0
        }
      },
      {
        "dev":"nmem0",
        "id":"8089-a2-2139-0000171b",
        "handle":16,
        "phys_id":4356,
        "security":"disabled",
        "firmware":{
          "current_version":8623494483,
          "can_update":true
        },
        "health":{
          "health_state":"ok",
          "temperature_celsius":34.0,
          "controller_temperature_celsius":34.0,
          "spares_percentage":100,
          "alarm_temperature":false,
          "alarm_controller_temperature":false,
          "alarm_spares":false,
          "alarm_enabled_media_temperature":true,
          "temperature_threshold":82.0,
          "alarm_enabled_ctrl_temperature":true,
          "controller_temperature_threshold":98.0,
          "alarm_enabled_spares":true,
          "spares_threshold":50,
          "shutdown_state":"clean",
          "shutdown_count":0
        }
      },
      {
        "dev":"nmem2",
        "id":"8089-a2-2139-0000174a",
        "handle":528,
        "phys_id":4357,
        "security":"disabled",
        "firmware":{
          "current_version":8623494483,
          "can_update":true
        },
        "health":{
          "health_state":"ok",
          "temperature_celsius":35.0,
          "controller_temperature_celsius":35.0,
          "spares_percentage":100,
          "alarm_temperature":false,
          "alarm_controller_temperature":false,
          "alarm_spares":false,
          "alarm_enabled_media_temperature":true,
          "temperature_threshold":82.0,
          "alarm_enabled_ctrl_temperature":true,
          "controller_temperature_threshold":98.0,
          "alarm_enabled_spares":true,
          "spares_threshold":50,
          "shutdown_state":"clean",
          "shutdown_count":0
        }
      },
      {
        "dev":"nmem4",
        "id":"8089-a2-2139-00001772",
        "handle":4112,
        "phys_id":4372,
        "security":"disabled",
        "firmware":{
          "current_version":8623494483,
          "can_update":true
        },
        "health":{
          "health_state":"ok",
          "temperature_celsius":35.0,
          "controller_temperature_celsius":33.0,
          "spares_percentage":100,
          "alarm_temperature":false,
          "alarm_controller_temperature":false,
          "alarm_spares":false,
          "alarm_enabled_media_temperature":true,
          "temperature_threshold":82.0,
          "alarm_enabled_ctrl_temperature":true,
          "controller_temperature_threshold":98.0,
          "alarm_enabled_spares":true,
          "spares_threshold":50,
          "shutdown_state":"clean",
          "shutdown_count":0
        }
      },
      {
        "dev":"nmem6",
        "id":"8089-a2-2139-0000179e",
        "handle":4624,
        "phys_id":4373,
        "security":"disabled",
        "firmware":{
          "current_version":8623494483,
          "can_update":true
        },
        "health":{
          "health_state":"ok",
          "temperature_celsius":34.0,
          "controller_temperature_celsius":33.0,
          "spares_percentage":100,
          "alarm_temperature":false,
          "alarm_controller_temperature":false,
          "alarm_spares":false,
          "alarm_enabled_media_temperature":true,
          "temperature_threshold":82.0,
          "alarm_enabled_ctrl_temperature":true,
          "controller_temperature_threshold":98.0,
          "alarm_enabled_spares":true,
          "spares_threshold":50,
          "shutdown_state":"clean",
          "shutdown_count":0
        }
      }
    ],
    "regions":[
      {
        "dev":"region1",
        "size":541165879296,
        "align":16777216,
        "available_size":0,
        "max_available_extent":0,
        "type":"pmem",
        "numa_node":1,
        "target_node":3,
        "iset_id":5073801756985821320,
        "mappings":[
          {
            "dimm":"nmem7",
            "offset":268435456,
            "length":135291469824,
            "position":3
          },
          {
            "dimm":"nmem6",
            "offset":268435456,
            "length":135291469824,
            "position":2
          },
          {
            "dimm":"nmem5",
            "offset":268435456,
            "length":135291469824,
            "position":1
          },
          {
            "dimm":"nmem4",
            "offset":268435456,
            "length":135291469824,
            "position":0
          }
        ],
        "capabilities":[
          {
            "mode":"sector",
            "sector_sizes":[
              512,
              520,
              528,
              4096,
              4104,
              4160,
              4224
            ]
          },
          {
            "mode":"fsdax",
            "alignments":[
              4096,
              2097152,
              1073741824
            ]
          },
          {
            "mode":"devdax",
            "alignments":[
              4096,
              2097152,
              1073741824
            ]
          }
        ],
        "persistence_domain":"memory_controller",
        "namespaces":[
          {
            "dev":"namespace1.0",
            "mode":"fsdax",
            "map":"dev",
            "size":532708065280,
            "uuid":"e0750a9a-ff3b-4d67-8c76-e4c562ef0562",
            "raw_uuid":"3ebe7556-0e37-4b7d-8b9f-f7c808093f66",
            "sector_size":512,
            "align":2097152,
            "blockdev":"pmem1",
            "numa_node":1,
            "target_node":3
          },
          {
            "dev":"namespace1.1",
            "mode":"raw",
            "size":0,
            "uuid":"00000000-0000-0000-0000-000000000000",
            "sector_size":512,
            "state":"disabled",
            "numa_node":1,
            "target_node":3
          }
        ]
      },
      {
        "dev":"region0",
        "size":541165879296,
        "align":16777216,
        "available_size":0,
        "max_available_extent":0,
        "type":"pmem",
        "numa_node":0,
        "target_node":2,
        "iset_id":11543785568620087432,
        "mappings":[
          {
            "dimm":"nmem3",
            "offset":268435456,
            "length":135291469824,
            "position":3
          },
          {
            "dimm":"nmem2",
            "offset":268435456,
            "length":135291469824,
            "position":2
          },
          {
            "dimm":"nmem1",
            "offset":268435456,
            "length":135291469824,
            "position":1
          },
          {
            "dimm":"nmem0",
            "offset":268435456,
            "length":135291469824,
            "position":0
          }
        ],
        "capabilities":[
          {
            "mode":"sector",
            "sector_sizes":[
              512,
              520,
              528,
              4096,
              4104,
              4160,
              4224
            ]
          },
          {
            "mode":"fsdax",
            "alignments":[
              4096,
              2097152,
              1073741824
            ]
          },
          {
            "mode":"devdax",
            "alignments":[
              4096,
              2097152,
              1073741824
            ]
          }
        ],
        "persistence_domain":"memory_controller",
        "namespaces":[
          {
            "dev":"namespace0.1",
            "mode":"raw",
            "size":0,
            "uuid":"00000000-0000-0000-0000-000000000000",
            "sector_size":512,
            "state":"disabled",
            "numa_node":0,
            "target_node":2
          },
          {
            "dev":"namespace0.0",
            "mode":"fsdax",
            "map":"dev",
            "size":532708065280,
            "uuid":"30b2985d-2bab-4391-8ceb-dd5395c26841",
            "raw_uuid":"c69158a5-a088-464f-9966-6091a8167fe4",
            "sector_size":512,
            "align":2097152,
            "blockdev":"pmem0",
            "numa_node":0,
            "target_node":2
          }
        ]
      }
    ]
  }
]
