---DimmID=0x0010---
   Capacity=126.742 GiB
   LockState=Disabled, Frozen
   SVNDowngrade=Unknown
   SecureErasePolicy=Unknown
   S3ResumeOptIn=Unknown
   FwActivateOptIn=Unknown
   HealthState=Healthy
   HealthStateReason=None
   FWVersion=02.02.00.1553
   FWAPIVersion=02.04
   FWActiveAPIVersion=02.04
   InterfaceFormatCode=0x0301 (Non-Energy Backed Byte Addressable)
   ManageabilityState=Manageable
   PopulationViolation=No
   PhysicalID=0x1104
   DimmHandle=0x0010
   DimmUID=8089-a2-2139-0000171b
   SocketID=0x0000
   MemControllerID=0x0000
   ChannelID=0x0001
   ChannelPos=0
   MemoryType=Logical Non-Volatile Device
   Manufacturer=008900B30000
   VendorID=0x8089
   DeviceID=0x5245
   RevisionID=0x0000
   SubsystemVendorID=0x8089
   SubsystemDeviceID=0x097b
   SubsystemRevisionID=0x0001
   DeviceLocator=A5
   ManufacturingInfoValid=1
   ManufacturingLocation=0xa2
   ManufacturingDate=21-39
   SerialNumber=0x0000171b
   PartNumber=NMB1XXD128GPS       
   BankLabel=Unknown
   DataWidth=64 b
   TotalWidth=72 b
   Speed=3200 MT/s
   FormFactor=DIMM
   ManufacturerID=0x8089
   ControllerRevisionID=A1, 0x0001
   MemoryCapacity=0.000 GiB
   AppDirectCapacity=126.000 GiB
   UnconfiguredCapacity=0.000 GiB
   InaccessibleCapacity=0.742 GiB
   ReservedCapacity=0.000 GiB
   PackageSparingCapable=1
   PackageSparingEnabled=1
   PackageSparesAvailable=1
   IsNew=0
   AveragePowerReportingTimeConstant=1000 ms
   ViralPolicy=Unknown
   ViralState=Unknown
   AvgPowerLimit=15000 mW
   MemoryBandwidthBoostFeature=0x1
   MemoryBandwidthBoostMaxPowerLimit=18000 mW
   MemoryBandwidthBoostAveragePowerTimeConstant=15000 ms
   MaxAveragePowerLimit=15000 mW
   MaxMemoryBandwidthBoostMaxPowerLimit=18000 mW
   MaxMemoryBandwidthBoostAveragePowerTimeConstant=120000 ms
   MemoryBandwidthBoostAveragePowerTimeConstantStep=1000 ms
   MaxAveragePowerReportingTimeConstant=12000 ms
   AveragePowerReportingTimeConstantStep=100 ms
   AveragePower=3414 mW
   Average12vPower=2397 mW
   Average1_2vPower=1017 mW
   LatchedLastShutdownStatus=PM S5 Received, PMIC 12V/DDRT 1.2V Power Loss (PLI), Controller's FW State Flush Complete, Write Data Flush Complete, PM Idle Received, Extended Flush Not Complete
   UnlatchedLastShutdownStatus=PM S5 Received, PMIC 12V/DDRT 1.2V Power Loss (PLI), Controller's FW State Flush Complete, Write Data Flush Complete, PM Idle Received, Extended Flush Not Complete
   ThermalThrottleLossPercent=0
   LastShutdownTime=Sun Jan 30 17:45:23 UTC 2022
   ModesSupported=Memory Mode, App Direct
   SecurityCapabilities=Encryption, Erase
   MasterPassphraseEnabled=0
   ConfigurationStatus=Valid
   SKUViolation=0
   ARSStatus=Completed
   OverwriteStatus=Unknown
   AitDramEnabled=1
   BootStatus=Success
   BootStatusRegister=0x00000004_985d00f0
   LatchSystemShutdownState=1
   PreviousPowerCycleLatchSystemShutdownState=1
   ExtendedAdrEnabled=Unknown
   PpcExtendedAdrEnabled=Unknown
   ErrorInjectionEnabled=0
   MediaTemperatureInjectionEnabled=0
   SoftwareTriggersEnabled=0
   SoftwareTriggersEnabledDetails=None
   PoisonErrorInjectionsCounter=0
   PoisonErrorClearCounter=0
   MediaTemperatureInjectionsCounter=0
   SoftwareTriggersCounter=0
   MaxControllerTemperature=51 C
   MaxMediaTemperature=52 C
   MixedSKU=0
---DimmID=0x0210---
   Capacity=126.742 GiB
   LockState=Disabled, Frozen
   SVNDowngrade=Unknown
   SecureErasePolicy=Unknown
   S3ResumeOptIn=Unknown
   FwActivateOptIn=Unknown
   HealthState=Healthy
   HealthStateReason=None
   FWVersion=02.02.00.1553
   FWAPIVersion=02.04
   FWActiveAPIVersion=02.04
   InterfaceFormatCode=0x0301 (Non-Energy Backed Byte Addressable)
   ManageabilityState=Manageable
   PopulationViolation=No
   PhysicalID=0x1105
   DimmHandle=0x0210
   DimmUID=8089-a2-2139-0000174a
   SocketID=0x0000
   MemControllerID=0x0002
   ChannelID=0x0001
   ChannelPos=0
   MemoryType=Logical Non-Volatile Device
   Manufacturer=008900B30000
   VendorID=0x8089
   DeviceID=0x5245
   RevisionID=0x0000
   SubsystemVendorID=0x8089
   SubsystemDeviceID=0x097b
   SubsystemRevisionID=0x0001
   DeviceLocator=A6
   ManufacturingInfoValid=1
   ManufacturingLocation=0xa2
   ManufacturingDate=21-39
   SerialNumber=0x0000174a
   PartNumber=NMB1XXD128GPS       
   BankLabel=Unknown
   DataWidth=64 b
   TotalWidth=72 b
   Speed=3200 MT/s
   FormFactor=DIMM
   ManufacturerID=0x8089
   ControllerRevisionID=A1, 0x0001
   MemoryCapacity=0.000 GiB
   AppDirectCapacity=126.000 GiB
   UnconfiguredCapacity=0.000 GiB
   InaccessibleCapacity=0.742 GiB
   ReservedCapacity=0.000 GiB
   PackageSparingCapable=1
   PackageSparingEnabled=1
   PackageSparesAvailable=1
   IsNew=0
   AveragePowerReportingTimeConstant=1000 ms
   ViralPolicy=Unknown
   ViralState=Unknown
   AvgPowerLimit=15000 mW
   MemoryBandwidthBoostFeature=0x1
   MemoryBandwidthBoostMaxPowerLimit=18000 mW
   MemoryBandwidthBoostAveragePowerTimeConstant=15000 ms
   MaxAveragePowerLimit=15000 mW
   MaxMemoryBandwidthBoostMaxPowerLimit=18000 mW
   MaxMemoryBandwidthBoostAveragePowerTimeConstant=120000 ms
   MemoryBandwidthBoostAveragePowerTimeConstantStep=1000 ms
   MaxAveragePowerReportingTimeConstant=12000 ms
   AveragePowerReportingTimeConstantStep=100 ms
   AveragePower=3440 mW
   Average12vPower=2423 mW
   Average1_2vPower=1017 mW
   LatchedLastShutdownStatus=PM S5 Received, PMIC 12V/DDRT 1.2V Power Loss (PLI), Controller's FW State Flush Complete, Write Data Flush Complete, PM Idle Received, Extended Flush Not Complete
   UnlatchedLastShutdownStatus=PM S5 Received, PMIC 12V/DDRT 1.2V Power Loss (PLI), Controller's FW State Flush Complete, Write Data Flush Complete, PM Idle Received, Extended Flush Not Complete
   ThermalThrottleLossPercent=0
   LastShutdownTime=Sun Jan 30 17:45:23 UTC 2022
   ModesSupported=Memory Mode, App Direct
   SecurityCapabilities=Encryption, Erase
   MasterPassphraseEnabled=0
   ConfigurationStatus=Valid
   SKUViolation=0
   ARSStatus=Completed
   OverwriteStatus=Unknown
   AitDramEnabled=1
   BootStatus=Success
   BootStatusRegister=0x00000004_985d00f0
   LatchSystemShutdownState=1
   PreviousPowerCycleLatchSystemShutdownState=1
   ExtendedAdrEnabled=Unknown
   PpcExtendedAdrEnabled=Unknown
   ErrorInjectionEnabled=0
   MediaTemperatureInjectionEnabled=0
   SoftwareTriggersEnabled=0
   SoftwareTriggersEnabledDetails=None
   PoisonErrorInjectionsCounter=0
   PoisonErrorClearCounter=0
   MediaTemperatureInjectionsCounter=0
   SoftwareTriggersCounter=0
   MaxControllerTemperature=48 C
   MaxMediaTemperature=50 C
   MixedSKU=0
---DimmID=0x0110---
   Capacity=126.742 GiB
   LockState=Disabled, Frozen
   SVNDowngrade=Unknown
   SecureErasePolicy=Unknown
   S3ResumeOptIn=Unknown
   FwActivateOptIn=Unknown
   HealthState=Healthy
   HealthStateReason=None
   FWVersion=02.02.00.1553
   FWAPIVersion=02.04
   FWActiveAPIVersion=02.04
   InterfaceFormatCode=0x0301 (Non-Energy Backed Byte Addressable)
   ManageabilityState=Manageable
   PopulationViolation=No
   PhysicalID=0x1106
   DimmHandle=0x0110
   DimmUID=8089-a2-2139-0000171d
   SocketID=0x0000
   MemControllerID=0x0001
   ChannelID=0x0001
   ChannelPos=0
   MemoryType=Logical Non-Volatile Device
   Manufacturer=008900B30000
   VendorID=0x8089
   DeviceID=0x5245
   RevisionID=0x0000
   SubsystemVendorID=0x8089
   SubsystemDeviceID=0x097b
   SubsystemRevisionID=0x0001
   DeviceLocator=A7
   ManufacturingInfoValid=1
   ManufacturingLocation=0xa2
   ManufacturingDate=21-39
   SerialNumber=0x0000171d
   PartNumber=NMB1XXD128GPS       
   BankLabel=Unknown
   DataWidth=64 b
   TotalWidth=72 b
   Speed=3200 MT/s
   FormFactor=DIMM
   ManufacturerID=0x8089
   ControllerRevisionID=A1, 0x0001
   MemoryCapacity=0.000 GiB
   AppDirectCapacity=126.000 GiB
   UnconfiguredCapacity=0.000 GiB
   InaccessibleCapacity=0.742 GiB
   ReservedCapacity=0.000 GiB
   PackageSparingCapable=1
   PackageSparingEnabled=1
   PackageSparesAvailable=1
   IsNew=0
   AveragePowerReportingTimeConstant=1000 ms
   ViralPolicy=Unknown
   ViralState=Unknown
   AvgPowerLimit=15000 mW
   MemoryBandwidthBoostFeature=0x1
   MemoryBandwidthBoostMaxPowerLimit=18000 mW
   MemoryBandwidthBoostAveragePowerTimeConstant=15000 ms
   MaxAveragePowerLimit=15000 mW
   MaxMemoryBandwidthBoostMaxPowerLimit=18000 mW
   MaxMemoryBandwidthBoostAveragePowerTimeConstant=120000 ms
   MemoryBandwidthBoostAveragePowerTimeConstantStep=1000 ms
   MaxAveragePowerReportingTimeConstant=12000 ms
   AveragePowerReportingTimeConstantStep=100 ms
   AveragePower=3452 mW
   Average12vPower=2435 mW
   Average1_2vPower=1017 mW
   LatchedLastShutdownStatus=PM S5 Received, PMIC 12V/DDRT 1.2V Power Loss (PLI), Controller's FW State Flush Complete, Write Data Flush Complete, PM Idle Received, Extended Flush Not Complete
   UnlatchedLastShutdownStatus=PM S5 Received, PMIC 12V/DDRT 1.2V Power Loss (PLI), Controller's FW State Flush Complete, Write Data Flush Complete, PM Idle Received, Extended Flush Not Complete
   ThermalThrottleLossPercent=0
   LastShutdownTime=Sun Jan 30 17:45:23 UTC 2022
   ModesSupported=Memory Mode, App Direct
   SecurityCapabilities=Encryption, Erase
   MasterPassphraseEnabled=0
   ConfigurationStatus=Valid
   SKUViolation=0
   ARSStatus=Completed
   OverwriteStatus=Unknown
   AitDramEnabled=1
   BootStatus=Success
   BootStatusRegister=0x00000004_985d00f0
   LatchSystemShutdownState=1
   PreviousPowerCycleLatchSystemShutdownState=1
   ExtendedAdrEnabled=Unknown
   PpcExtendedAdrEnabled=Unknown
   ErrorInjectionEnabled=0
   MediaTemperatureInjectionEnabled=0
   SoftwareTriggersEnabled=0
   SoftwareTriggersEnabledDetails=None
   PoisonErrorInjectionsCounter=0
   PoisonErrorClearCounter=0
   MediaTemperatureInjectionsCounter=0
   SoftwareTriggersCounter=0
   MaxControllerTemperature=49 C
   MaxMediaTemperature=49 C
   MixedSKU=0
---DimmID=0x0310---
   Capacity=126.742 GiB
   LockState=Disabled, Frozen
   SVNDowngrade=Unknown
   SecureErasePolicy=Unknown
   S3ResumeOptIn=Unknown
   FwActivateOptIn=Unknown
   HealthState=Healthy
   HealthStateReason=None
   FWVersion=02.02.00.1553
   FWAPIVersion=02.04
   FWActiveAPIVersion=02.04
   InterfaceFormatCode=0x0301 (Non-Energy Backed Byte Addressable)
   ManageabilityState=Manageable
   PopulationViolation=No
   PhysicalID=0x1107
   DimmHandle=0x0310
   DimmUID=8089-a2-2139-000016be
   SocketID=0x0000
   MemControllerID=0x0003
   ChannelID=0x0001
   ChannelPos=0
   MemoryType=Logical Non-Volatile Device
   Manufacturer=008900B30000
   VendorID=0x8089
   DeviceID=0x5245
   RevisionID=0x0000
   SubsystemVendorID=0x8089
   SubsystemDeviceID=0x097b
   SubsystemRevisionID=0x0001
   DeviceLocator=A8
   ManufacturingInfoValid=1
   ManufacturingLocation=0xa2
   ManufacturingDate=21-39
   SerialNumber=0x000016be
   PartNumber=NMB1XXD128GPS       
   BankLabel=Unknown
   DataWidth=64 b
   TotalWidth=72 b
   Speed=3200 MT/s
   FormFactor=DIMM
   ManufacturerID=0x8089
   ControllerRevisionID=A1, 0x0001
   MemoryCapacity=0.000 GiB
   AppDirectCapacity=126.000 GiB
   UnconfiguredCapacity=0.000 GiB
   InaccessibleCapacity=0.742 GiB
   ReservedCapacity=0.000 GiB
   PackageSparingCapable=1
   PackageSparingEnabled=1
   PackageSparesAvailable=1
   IsNew=0
   AveragePowerReportingTimeConstant=1000 ms
   ViralPolicy=Unknown
   ViralState=Unknown
   AvgPowerLimit=15000 mW
   MemoryBandwidthBoostFeature=0x1
   MemoryBandwidthBoostMaxPowerLimit=18000 mW
   MemoryBandwidthBoostAveragePowerTimeConstant=15000 ms
   MaxAveragePowerLimit=15000 mW
   MaxMemoryBandwidthBoostMaxPowerLimit=18000 mW
   MaxMemoryBandwidthBoostAveragePowerTimeConstant=120000 ms
   MemoryBandwidthBoostAveragePowerTimeConstantStep=1000 ms
   MaxAveragePowerReportingTimeConstant=12000 ms
   AveragePowerReportingTimeConstantStep=100 ms
   AveragePower=3216 mW
   Average12vPower=2199 mW
   Average1_2vPower=1017 mW
   LatchedLastShutdownStatus=PM S5 Received, PMIC 12V/DDRT 1.2V Power Loss (PLI), Controller's FW State Flush Complete, Write Data Flush Complete, PM Idle Received, Extended Flush Not Complete
   UnlatchedLastShutdownStatus=PM S5 Received, PMIC 12V/DDRT 1.2V Power Loss (PLI), Controller's FW State Flush Complete, Write Data Flush Complete, PM Idle Received, Extended Flush Not Complete
   ThermalThrottleLossPercent=0
   LastShutdownTime=Sun Jan 30 17:45:23 UTC 2022
   ModesSupported=Memory Mode, App Direct
   SecurityCapabilities=Encryption, Erase
   MasterPassphraseEnabled=0
   ConfigurationStatus=Valid
   SKUViolation=0
   ARSStatus=Completed
   OverwriteStatus=Unknown
   AitDramEnabled=1
   BootStatus=Success
   BootStatusRegister=0x00000004_985d00f0
   LatchSystemShutdownState=1
   PreviousPowerCycleLatchSystemShutdownState=1
   ExtendedAdrEnabled=Unknown
   PpcExtendedAdrEnabled=Unknown
   ErrorInjectionEnabled=0
   MediaTemperatureInjectionEnabled=0
   SoftwareTriggersEnabled=0
   SoftwareTriggersEnabledDetails=None
   PoisonErrorInjectionsCounter=0
   PoisonErrorClearCounter=0
   MediaTemperatureInjectionsCounter=0
   SoftwareTriggersCounter=0
   MaxControllerTemperature=45 C
   MaxMediaTemperature=47 C
   MixedSKU=0
---DimmID=0x1010---
   Capacity=126.742 GiB
   LockState=Disabled, Frozen
   SVNDowngrade=Unknown
   SecureErasePolicy=Unknown
   S3ResumeOptIn=Unknown
   FwActivateOptIn=Unknown
   HealthState=Healthy
   HealthStateReason=None
   FWVersion=02.02.00.1553
   FWAPIVersion=02.04
   FWActiveAPIVersion=02.04
   InterfaceFormatCode=0x0301 (Non-Energy Backed Byte Addressable)
   ManageabilityState=Manageable
   PopulationViolation=No
   PhysicalID=0x1114
   DimmHandle=0x1010
   DimmUID=8089-a2-2139-00001772
   SocketID=0x0001
   MemControllerID=0x0000
   ChannelID=0x0001
   ChannelPos=0
   MemoryType=Logical Non-Volatile Device
   Manufacturer=008900B30000
   VendorID=0x8089
   DeviceID=0x5245
   RevisionID=0x0000
   SubsystemVendorID=0x8089
   SubsystemDeviceID=0x097b
   SubsystemRevisionID=0x0001
   DeviceLocator=B5
   ManufacturingInfoValid=1
   ManufacturingLocation=0xa2
   ManufacturingDate=21-39
   SerialNumber=0x00001772
   PartNumber=NMB1XXD128GPS       
   BankLabel=Unknown
   DataWidth=64 b
   TotalWidth=72 b
   Speed=3200 MT/s
   FormFactor=DIMM
   ManufacturerID=0x8089
   ControllerRevisionID=A1, 0x0001
   MemoryCapacity=0.000 GiB
   AppDirectCapacity=126.000 GiB
   UnconfiguredCapacity=0.000 GiB
   InaccessibleCapacity=0.742 GiB
   ReservedCapacity=0.000 GiB
   PackageSparingCapable=1
   PackageSparingEnabled=1
   PackageSparesAvailable=1
   IsNew=0
   AveragePowerReportingTimeConstant=1000 ms
   ViralPolicy=Unknown
   ViralState=Unknown
   AvgPowerLimit=15000 mW
   MemoryBandwidthBoostFeature=0x1
   MemoryBandwidthBoostMaxPowerLimit=18000 mW
   MemoryBandwidthBoostAveragePowerTimeConstant=15000 ms
   MaxAveragePowerLimit=15000 mW
   MaxMemoryBandwidthBoostMaxPowerLimit=18000 mW
   MaxMemoryBandwidthBoostAveragePowerTimeConstant=120000 ms
   MemoryBandwidthBoostAveragePowerTimeConstantStep=1000 ms
   MaxAveragePowerReportingTimeConstant=12000 ms
   AveragePowerReportingTimeConstantStep=100 ms
   AveragePower=3249 mW
   Average12vPower=2232 mW
   Average1_2vPower=1017 mW
   LatchedLastShutdownStatus=PM S5 Received, PMIC 12V/DDRT 1.2V Power Loss (PLI), Controller's FW State Flush Complete, Write Data Flush Complete, PM Idle Received, Extended Flush Not Complete
   UnlatchedLastShutdownStatus=PM S5 Received, PMIC 12V/DDRT 1.2V Power Loss (PLI), Controller's FW State Flush Complete, Write Data Flush Complete, PM Idle Received, Extended Flush Not Complete
   ThermalThrottleLossPercent=0
   LastShutdownTime=Sun Jan 30 17:45:23 UTC 2022
   ModesSupported=Memory Mode, App Direct
   SecurityCapabilities=Encryption, Erase
   MasterPassphraseEnabled=0
   ConfigurationStatus=Valid
   SKUViolation=0
   ARSStatus=Completed
   OverwriteStatus=Unknown
   AitDramEnabled=1
   BootStatus=Success
   BootStatusRegister=0x00000004_985d00f0
   LatchSystemShutdownState=1
   PreviousPowerCycleLatchSystemShutdownState=1
   ExtendedAdrEnabled=Unknown
   PpcExtendedAdrEnabled=Unknown
   ErrorInjectionEnabled=0
   MediaTemperatureInjectionEnabled=0
   SoftwareTriggersEnabled=0
   SoftwareTriggersEnabledDetails=None
   PoisonErrorInjectionsCounter=0
   PoisonErrorClearCounter=0
   MediaTemperatureInjectionsCounter=0
   SoftwareTriggersCounter=0
   MaxControllerTemperature=48 C
   MaxMediaTemperature=50 C
   MixedSKU=0
---DimmID=0x1210---
   Capacity=126.742 GiB
   LockState=Disabled, Frozen
   SVNDowngrade=Unknown
   SecureErasePolicy=Unknown
   S3ResumeOptIn=Unknown
   FwActivateOptIn=Unknown
   HealthState=Healthy
   HealthStateReason=None
   FWVersion=02.02.00.1553
   FWAPIVersion=02.04
   FWActiveAPIVersion=02.04
   InterfaceFormatCode=0x0301 (Non-Energy Backed Byte Addressable)
   ManageabilityState=Manageable
   PopulationViolation=No
   PhysicalID=0x1115
   DimmHandle=0x1210
   DimmUID=8089-a2-2139-0000179e
   SocketID=0x0001
   MemControllerID=0x0002
   ChannelID=0x0001
   ChannelPos=0
   MemoryType=Logical Non-Volatile Device
   Manufacturer=008900B30000
   VendorID=0x8089
   DeviceID=0x5245
   RevisionID=0x0000
   SubsystemVendorID=0x8089
   SubsystemDeviceID=0x097b
   SubsystemRevisionID=0x0001
   DeviceLocator=B6
   ManufacturingInfoValid=1
   ManufacturingLocation=0xa2
   ManufacturingDate=21-39
   SerialNumber=0x0000179e
   PartNumber=NMB1XXD128GPS       
   BankLabel=Unknown
   DataWidth=64 b
   TotalWidth=72 b
   Speed=3200 MT/s
   FormFactor=DIMM
   ManufacturerID=0x8089
   ControllerRevisionID=A1, 0x0001
   MemoryCapacity=0.000 GiB
   AppDirectCapacity=126.000 GiB
   UnconfiguredCapacity=0.000 GiB
   InaccessibleCapacity=0.742 GiB
   ReservedCapacity=0.000 GiB
   PackageSparingCapable=1
   PackageSparingEnabled=1
   PackageSparesAvailable=1
   IsNew=0
   AveragePowerReportingTimeConstant=1000 ms
   ViralPolicy=Unknown
   ViralState=Unknown
   AvgPowerLimit=15000 mW
   MemoryBandwidthBoostFeature=0x1
   MemoryBandwidthBoostMaxPowerLimit=18000 mW
   MemoryBandwidthBoostAveragePowerTimeConstant=15000 ms
   MaxAveragePowerLimit=15000 mW
   MaxMemoryBandwidthBoostMaxPowerLimit=18000 mW
   MaxMemoryBandwidthBoostAveragePowerTimeConstant=120000 ms
   MemoryBandwidthBoostAveragePowerTimeConstantStep=1000 ms
   MaxAveragePowerReportingTimeConstant=12000 ms
   AveragePowerReportingTimeConstantStep=100 ms
   AveragePower=3305 mW
   Average12vPower=2288 mW
   Average1_2vPower=1017 mW
   LatchedLastShutdownStatus=PM S5 Received, PMIC 12V/DDRT 1.2V Power Loss (PLI), Controller's FW State Flush Complete, Write Data Flush Complete, PM Idle Received, Extended Flush Not Complete
   UnlatchedLastShutdownStatus=PM S5 Received, PMIC 12V/DDRT 1.2V Power Loss (PLI), Controller's FW State Flush Complete, Write Data Flush Complete, PM Idle Received, Extended Flush Not Complete
   ThermalThrottleLossPercent=0
   LastShutdownTime=Sun Jan 30 17:45:23 UTC 2022
   ModesSupported=Memory Mode, App Direct
   SecurityCapabilities=Encryption, Erase
   MasterPassphraseEnabled=0
   ConfigurationStatus=Valid
   SKUViolation=0
   ARSStatus=Completed
   OverwriteStatus=Unknown
   AitDramEnabled=1
   BootStatus=Success
   BootStatusRegister=0x00000004_985d00f0
   LatchSystemShutdownState=1
   PreviousPowerCycleLatchSystemShutdownState=1
   ExtendedAdrEnabled=Unknown
   PpcExtendedAdrEnabled=Unknown
   ErrorInjectionEnabled=0
   MediaTemperatureInjectionEnabled=0
   SoftwareTriggersEnabled=0
   SoftwareTriggersEnabledDetails=None
   PoisonErrorInjectionsCounter=0
   PoisonErrorClearCounter=0
   MediaTemperatureInjectionsCounter=0
   SoftwareTriggersCounter=0
   MaxControllerTemperature=50 C
   MaxMediaTemperature=50 C
   MixedSKU=0
---DimmID=0x1110---
   Capacity=126.742 GiB
   LockState=Disabled, Frozen
   SVNDowngrade=Unknown
   SecureErasePolicy=Unknown
   S3ResumeOptIn=Unknown
   FwActivateOptIn=Unknown
   HealthState=Healthy
   HealthStateReason=None
   FWVersion=02.02.00.1553
   FWAPIVersion=02.04
   FWActiveAPIVersion=02.04
   InterfaceFormatCode=0x0301 (Non-Energy Backed Byte Addressable)
   ManageabilityState=Manageable
   PopulationViolation=No
   PhysicalID=0x1116
   DimmHandle=0x1110
   DimmUID=8089-a2-2139-0000186c
   SocketID=0x0001
   MemControllerID=0x0001
   ChannelID=0x0001
   ChannelPos=0
   MemoryType=Logical Non-Volatile Device
   Manufacturer=008900B30000
   VendorID=0x8089
   DeviceID=0x5245
   RevisionID=0x0000
   SubsystemVendorID=0x8089
   SubsystemDeviceID=0x097b
   SubsystemRevisionID=0x0001
   DeviceLocator=B7
   ManufacturingInfoValid=1
   ManufacturingLocation=0xa2
   ManufacturingDate=21-39
   SerialNumber=0x0000186c
   PartNumber=NMB1XXD128GPS       
   BankLabel=Unknown
   DataWidth=64 b
   TotalWidth=72 b
   Speed=3200 MT/s
   FormFactor=DIMM
   ManufacturerID=0x8089
   ControllerRevisionID=A1, 0x0001
   MemoryCapacity=0.000 GiB
   AppDirectCapacity=126.000 GiB
   UnconfiguredCapacity=0.000 GiB
   InaccessibleCapacity=0.742 GiB
   ReservedCapacity=0.000 GiB
   PackageSparingCapable=1
   PackageSparingEnabled=1
   PackageSparesAvailable=1
   IsNew=0
   AveragePowerReportingTimeConstant=1000 ms
   ViralPolicy=Unknown
   ViralState=Unknown
   AvgPowerLimit=15000 mW
   MemoryBandwidthBoostFeature=0x1
   MemoryBandwidthBoostMaxPowerLimit=18000 mW
   MemoryBandwidthBoostAveragePowerTimeConstant=15000 ms
   MaxAveragePowerLimit=15000 mW
   MaxMemoryBandwidthBoostMaxPowerLimit=18000 mW
   MaxMemoryBandwidthBoostAveragePowerTimeConstant=120000 ms
   MemoryBandwidthBoostAveragePowerTimeConstantStep=1000 ms
   MaxAveragePowerReportingTimeConstant=12000 ms
   AveragePowerReportingTimeConstantStep=100 ms
   AveragePower=3359 mW
   Average12vPower=2342 mW
   Average1_2vPower=1017 mW
   LatchedLastShutdownStatus=PM S5 Received, PMIC 12V/DDRT 1.2V Power Loss (PLI), Controller's FW State Flush Complete, Write Data Flush Complete, PM Idle Received, Extended Flush Not Complete
   UnlatchedLastShutdownStatus=PM S5 Received, PMIC 12V/DDRT 1.2V Power Loss (PLI), Controller's FW State Flush Complete, Write Data Flush Complete, PM Idle Received, Extended Flush Not Complete
   ThermalThrottleLossPercent=0
   LastShutdownTime=Sun Jan 30 17:45:23 UTC 2022
   ModesSupported=Memory Mode, App Direct
   SecurityCapabilities=Encryption, Erase
   MasterPassphraseEnabled=0
   ConfigurationStatus=Valid
   SKUViolation=0
   ARSStatus=Completed
   OverwriteStatus=Unknown
   AitDramEnabled=1
   BootStatus=Success
   BootStatusRegister=0x00000004_985d00f0
   LatchSystemShutdownState=1
   PreviousPowerCycleLatchSystemShutdownState=1
   ExtendedAdrEnabled=Unknown
   PpcExtendedAdrEnabled=Unknown
   ErrorInjectionEnabled=0
   MediaTemperatureInjectionEnabled=0
   SoftwareTriggersEnabled=0
   SoftwareTriggersEnabledDetails=None
   PoisonErrorInjectionsCounter=0
   PoisonErrorClearCounter=0
   MediaTemperatureInjectionsCounter=0
   SoftwareTriggersCounter=0
   MaxControllerTemperature=49 C
   MaxMediaTemperature=47 C
   MixedSKU=0
---DimmID=0x1310---
   Capacity=126.742 GiB
   LockState=Disabled, Frozen
   SVNDowngrade=Unknown
   SecureErasePolicy=Unknown
   S3ResumeOptIn=Unknown
   FwActivateOptIn=Unknown
   HealthState=Healthy
   HealthStateReason=None
   FWVersion=02.02.00.1553
   FWAPIVersion=02.04
   FWActiveAPIVersion=02.04
   InterfaceFormatCode=0x0301 (Non-Energy Backed Byte Addressable)
   ManageabilityState=Manageable
   PopulationViolation=No
   PhysicalID=0x1117
   DimmHandle=0x1310
   DimmUID=8089-a2-2139-00001879
   SocketID=0x0001
   MemControllerID=0x0003
   ChannelID=0x0001
   ChannelPos=0
   MemoryType=Logical Non-Volatile Device
   Manufacturer=008900B30000
   VendorID=0x8089
   DeviceID=0x5245
   RevisionID=0x0000
   SubsystemVendorID=0x8089
   SubsystemDeviceID=0x097b
   SubsystemRevisionID=0x0001
   DeviceLocator=B8
   ManufacturingInfoValid=1
   ManufacturingLocation=0xa2
   ManufacturingDate=21-39
   SerialNumber=0x00001879
   PartNumber=NMB1XXD128GPS       
   BankLabel=Unknown
   DataWidth=64 b
   TotalWidth=72 b
   Speed=3200 MT/s
   FormFactor=DIMM
   ManufacturerID=0x8089
   ControllerRevisionID=A1, 0x0001
   MemoryCapacity=0.000 GiB
   AppDirectCapacity=126.000 GiB
   UnconfiguredCapacity=0.000 GiB
   InaccessibleCapacity=0.742 GiB
   ReservedCapacity=0.000 GiB
   PackageSparingCapable=1
   PackageSparingEnabled=1
   PackageSparesAvailable=1
   IsNew=0
   AveragePowerReportingTimeConstant=1000 ms
   ViralPolicy=Unknown
   ViralState=Unknown
   AvgPowerLimit=15000 mW
   MemoryBandwidthBoostFeature=0x1
   MemoryBandwidthBoostMaxPowerLimit=18000 mW
   MemoryBandwidthBoostAveragePowerTimeConstant=15000 ms
   MaxAveragePowerLimit=15000 mW
   MaxMemoryBandwidthBoostMaxPowerLimit=18000 mW
   MaxMemoryBandwidthBoostAveragePowerTimeConstant=120000 ms
   MemoryBandwidthBoostAveragePowerTimeConstantStep=1000 ms
   MaxAveragePowerReportingTimeConstant=12000 ms
   AveragePowerReportingTimeConstantStep=100 ms
   AveragePower=3449 mW
   Average12vPower=2432 mW
   Average1_2vPower=1017 mW
   LatchedLastShutdownStatus=PM S5 Received, PMIC 12V/DDRT 1.2V Power Loss (PLI), Controller's FW State Flush Complete, Write Data Flush Complete, PM Idle Received, Extended Flush Not Complete
   UnlatchedLastShutdownStatus=PM S5 Received, PMIC 12V/DDRT 1.2V Power Loss (PLI), Controller's FW State Flush Complete, Write Data Flush Complete, PM Idle Received, Extended Flush Not Complete
   ThermalThrottleLossPercent=0
   LastShutdownTime=Sun Jan 30 17:45:23 UTC 2022
   ModesSupported=Memory Mode, App Direct
   SecurityCapabilities=Encryption, Erase
   MasterPassphraseEnabled=0
   ConfigurationStatus=Valid
   SKUViolation=0
   ARSStatus=Completed
   OverwriteStatus=Unknown
   AitDramEnabled=1
   BootStatus=Success
   BootStatusRegister=0x00000004_985d00f0
   LatchSystemShutdownState=1
   PreviousPowerCycleLatchSystemShutdownState=1
   ExtendedAdrEnabled=Unknown
   PpcExtendedAdrEnabled=Unknown
   ErrorInjectionEnabled=0
   MediaTemperatureInjectionEnabled=0
   SoftwareTriggersEnabled=0
   SoftwareTriggersEnabledDetails=None
   PoisonErrorInjectionsCounter=0
   PoisonErrorClearCounter=0
   MediaTemperatureInjectionsCounter=0
   SoftwareTriggersCounter=0
   MaxControllerTemperature=51 C
   MaxMediaTemperature=51 C
   MixedSKU=0
