[
  {
    "provider":"ACPI.NFIT",
    "dev":"ndbus0",
    "scrub_state":"idle",
    "firmware":{
      "activate_method":"reset"
    },
    "dimms":[
      {
        "dev":"nmem1",
        "id":"8089-a2-2139-0000171d",
        "handle":272,
        "phys_id":4358,
        "security":"disabled",
        "firmware":{
          "current_version":8623494483,
          "can_update":true
        },
        "health":{
          "health_state":"ok",
          "temperature_celsius":31.0,
          "controller_temperature_celsius":33.0,
          "spares_percentage":100,
          "alarm_temperature":false,
          "alarm_controller_temperature":false,
          "alarm_spares":false,
          "alarm_enabled_media_temperature":true,
          "temperature_threshold":82.0,
          "alarm_enabled_ctrl_temperature":true,
          "controller_temperature_threshold":98.0,
          "alarm_enabled_spares":true,
          "spares_threshold":50,
          "shutdown_state":"clean",
          "shutdown_count":0
        }
      },
      {
        "dev":"nmem3",
        "id":"8089-a2-2139-000016be",
        "handle":784,
        "phys_id":4359,
        "security":"disabled",
        "firmware":{
          "current_version":8623494483,
          "can_update":true
        },
        "health":{
          "health_state":"ok",
          "temperature_celsius":31.0,
          "controller_temperature_celsius":30.0,
          "spares_percentage":100,
          "alarm_temperature":false,
          "alarm_controller_temperature":false,
          "alarm_spares":false,
          "alarm_enabled_media_temperature":true,
          "temperature_threshold":82.0,
          "alarm_enabled_ctrl_temperature":true,
          "controller_temperature_threshold":98.0,
          "alarm_enabled_spares":true,
          "spares_threshold":50,
          "shutdown_state":"clean",
          "shutdown_count":0
        }
      },
      {
        "dev":"nmem5",
        "id":"8089-a2-2139-0000186c",
        "handle":4368,
        "phys_id":4374,
        "security":"disabled",
        "firmware":{
          "current_version":8623494483,
          "can_update":true
        },
        "health":{
          "health_state":"ok",
          "temperature_celsius":31.0,
          "controller_temperature_celsius":34.0,
          "spares_percentage":100,
          "alarm_temperature":false,
          "alarm_controller_temperature":false,
          "alarm_spares":false,
          "alarm_enabled_media_temperature":true,
          "temperature_threshold":82.0,
          "alarm_enabled_ctrl_temperature":true,
          "controller_temperature_threshold":98.0,
          "alarm_enabled_spares":true,
          "spares_threshold":50,
          "shutdown_state":"clean",
          "shutdown_count":0
        }
      },
      {
        "dev":"nmem7",
        "id":"8089-a2-2139-00001879",
        "handle":4880,
        "phys_id":4375,
        "security":"disabled",
        "firmware":{
          "current_version":8623494483,
          "can_update":true
        },
        "health":{
          "health_state":"ok",
          "temperature_celsius":34.0,
          "controller_temperature_celsius":34.0,
          "spares_percentage":100,
          "alarm_temperature":false,
          "alarm_controller_temperature":false,
          "alarm_spares":false,
          "alarm_enabled_media_temperature":true,
          "temperature_threshold":82.0,
          "alarm_enabled_ctrl_temperature":true,
          "controller_temperature_threshold":98.0,
          "alarm_enabled_spares":true,
          "spares_threshold":50,
          "shutdown_state":"clean",
          "shutdown_count":0
        }
      },
      {
        "dev":"nmem0",
        "id":"8089-a2-2139-0000171b",
        "handle":16,
        "phys_id":4356,
        "security":"disabled",
        "firmware":{
          "current_version":8623494483,
          "can_update":true
        },
        "health":{
          "health_state":"ok",
          "temperature_celsius":32.0,
          "controller_temperature_celsius":32.0,
          "spares_percentage":100,
          "alarm_temperature":false,
          "alarm_controller_temperature":false,
          "alarm_spares":false,
          "alarm_enabled_media_temperature":true,
          "temperature_threshold":82.0,
          "alarm_enabled_ctrl_temperature":true,
          "controller_temperature_threshold":98.0,
          "alarm_enabled_spares":true,
          "spares_threshold":50,
          "shutdown_state":"clean",
          "shutdown_count":0
        }
      },
      {
        "dev":"nmem2",
        "id":"8089-a2-2139-0000174a",
        "handle":528,
        "phys_id":4357,
        "security":"disabled",
        "firmware":{
          "current_version":8623494483,
          "can_update":true
        },
        "health":{
          "health_state":"ok",
          "temperature_celsius":33.0,
          "controller_temperature_celsius":33.0,
          "spares_percentage":100,
          "alarm_temperature":false,
          "alarm_controller_temperature":false,
          "alarm_spares":false,
          "alarm_enabled_media_temperature":true,
          "temperature_threshold":82.0,
          "alarm_enabled_ctrl_temperature":true,
          "controller_temperature_threshold":98.0,
          "alarm_enabled_spares":true,
          "spares_threshold":50,
          "shutdown_state":"clean",
          "shutdown_count":0
        }
      },
      {
        "dev":"nmem4",
        "id":"8089-a2-2139-00001772",
        "handle":4112,
        "phys_id":4372,
        "security":"disabled",
        "firmware":{
          "current_version":8623494483,
          "can_update":true
        },
        "health":{
          "health_state":"ok",
          "temperature_celsius":37.0,
          "controller_temperature_celsius":35.0,
          "spares_percentage":100,
          "alarm_temperature":false,
          "alarm_controller_temperature":false,
          "alarm_spares":false,
          "alarm_enabled_media_temperature":true,
          "temperature_threshold":82.0,
          "alarm_enabled_ctrl_temperature":true,
          "controller_temperature_threshold":98.0,
          "alarm_enabled_spares":true,
          "spares_threshold":50,
          "shutdown_state":"clean",
          "shutdown_count":0
        }
      },
      {
        "dev":"nmem6",
        "id":"8089-a2-2139-0000179e",
        "handle":4624,
        "phys_id":4373,
        "security":"disabled",
        "firmware":{
          "current_version":8623494483,
          "can_update":true
        },
        "health":{
          "health_state":"ok",
          "temperature_celsius":33.0,
          "controller_temperature_celsius":33.0,
          "spares_percentage":100,
          "alarm_temperature":false,
          "alarm_controller_temperature":false,
          "alarm_spares":false,
          "alarm_enabled_media_temperature":true,
          "temperature_threshold":82.0,
          "alarm_enabled_ctrl_temperature":true,
          "controller_temperature_threshold":98.0,
          "alarm_enabled_spares":true,
          "spares_threshold":50,
          "shutdown_state":"clean",
          "shutdown_count":0
        }
      }
    ],
    "regions":[
      {
        "dev":"region1",
        "size":135291469824,
        "align":16777216,
        "available_size":0,
        "max_available_extent":0,
        "type":"pmem",
        "numa_node":0,
        "target_node":3,
        "iset_id":2671719317417527842,
        "mappings":[
          {
            "dimm":"nmem1",
            "offset":268435456,
            "length":135291469824,
            "position":0
          }
        ],
        "capabilities":[
          {
            "mode":"sector",
            "sector_sizes":[
              512,
              520,
              528,
              4096,
              4104,
              4160,
              4224
            ]
          },
          {
            "mode":"fsdax",
            "alignments":[
              4096,
              2097152,
              1073741824
            ]
          },
          {
            "mode":"devdax",
            "alignments":[
              4096,
              2097152,
              1073741824
            ]
          }
        ],
        "persistence_domain":"memory_controller",
        "namespaces":[
          {
            "dev":"namespace1.0",
            "mode":"fsdax",
            "map":"dev",
            "size":133175443456,
            "uuid":"a4da7985-7b0b-475a-ad3e-8c4afbdba3e5",
            "raw_uuid":"bb9f3383-9a66-466c-b569-6d0d76522cb3",
            "sector_size":512,
            "align":2097152,
            "blockdev":"pmem1",
            "numa_node":0,
            "target_node":3
          },
          {
            "dev":"namespace1.1",
            "mode":"raw",
            "size":0,
            "uuid":"00000000-0000-0000-0000-000000000000",
            "sector_size":512,
            "state":"disabled",
            "numa_node":0,
            "target_node":3
          }
        ]
      },
      {
        "dev":"region3",
        "size":135291469824,
        "align":16777216,
        "available_size":0,
        "max_available_extent":0,
        "type":"pmem",
        "numa_node":0,
        "target_node":5,
        "iset_id":8001166529158154786,
        "mappings":[
          {
            "dimm":"nmem3",
            "offset":268435456,
            "length":135291469824,
            "position":0
          }
        ],
        "capabilities":[
          {
            "mode":"sector",
            "sector_sizes":[
              512,
              520,
              528,
              4096,
              4104,
              4160,
              4224
            ]
          },
          {
            "mode":"fsdax",
            "alignments":[
              4096,
              2097152,
              1073741824
            ]
          },
          {
            "mode":"devdax",
            "alignments":[
              4096,
              2097152,
              1073741824
            ]
          }
        ],
        "persistence_domain":"memory_controller",
        "namespaces":[
          {
            "dev":"namespace3.1",
            "mode":"raw",
            "size":0,
            "uuid":"00000000-0000-0000-0000-000000000000",
            "sector_size":512,
            "state":"disabled",
            "numa_node":0,
            "target_node":5
          },
          {
            "dev":"namespace3.0",
            "mode":"fsdax",
            "map":"dev",
            "size":133175443456,
            "uuid":"88ec0d9c-31e3-45a1-a39b-adb18837c174",
            "raw_uuid":"e12f4b1a-c3f3-4fcd-b51b-736f7ce7763e",
            "sector_size":512,
            "align":2097152,
            "blockdev":"pmem3",
            "numa_node":0,
            "target_node":5
          }
        ]
      },
      {
        "dev":"region5",
        "size":135291469824,
        "align":16777216,
        "available_size":0,
        "max_available_extent":0,
        "type":"pmem",
        "numa_node":1,
        "target_node":7,
        "iset_id":4259801137344514594,
        "mappings":[
          {
            "dimm":"nmem5",
            "offset":268435456,
            "length":135291469824,
            "position":0
          }
        ],
        "capabilities":[
          {
            "mode":"sector",
            "sector_sizes":[
              512,
              520,
              528,
              4096,
              4104,
              4160,
              4224
            ]
          },
          {
            "mode":"fsdax",
            "alignments":[
              4096,
              2097152,
              1073741824
            ]
          },
          {
            "mode":"devdax",
            "alignments":[
              4096,
              2097152,
              1073741824
            ]
          }
        ],
        "persistence_domain":"memory_controller",
        "namespaces":[
          {
            "dev":"namespace5.1",
            "mode":"raw",
            "size":0,
            "uuid":"00000000-0000-0000-0000-000000000000",
            "sector_size":512,
            "state":"disabled",
            "numa_node":1,
            "target_node":7
          },
          {
            "dev":"namespace5.0",
            "mode":"fsdax",
            "map":"dev",
            "size":133175443456,
            "uuid":"121b9aba-531c-44c5-bcd4-c55aba408134",
            "raw_uuid":"30875bef-75b0-437a-a311-38c27558b92d",
            "sector_size":512,
            "align":2097152,
            "blockdev":"pmem5",
            "numa_node":1,
            "target_node":7
          }
        ]
      },
      {
        "dev":"region7",
        "size":135291469824,
        "align":16777216,
        "available_size":0,
        "max_available_extent":0,
        "type":"pmem",
        "numa_node":1,
        "target_node":9,
        "iset_id":13627288362493250082,
        "mappings":[
          {
            "dimm":"nmem7",
            "offset":268435456,
            "length":135291469824,
            "position":0
          }
        ],
        "capabilities":[
          {
            "mode":"sector",
            "sector_sizes":[
              512,
              520,
              528,
              4096,
              4104,
              4160,
              4224
            ]
          },
          {
            "mode":"fsdax",
            "alignments":[
              4096,
              2097152,
              1073741824
            ]
          },
          {
            "mode":"devdax",
            "alignments":[
              4096,
              2097152,
              1073741824
            ]
          }
        ],
        "persistence_domain":"memory_controller",
        "namespaces":[
          {
            "dev":"namespace7.0",
            "mode":"fsdax",
            "map":"dev",
            "size":133175443456,
            "uuid":"17c17772-3c74-46c4-bae3-c342b308ac7b",
            "raw_uuid":"1be8bc2c-b7de-4f54-8a26-d211333bb5a9",
            "sector_size":512,
            "align":2097152,
            "blockdev":"pmem7",
            "numa_node":1,
            "target_node":9
          },
          {
            "dev":"namespace7.1",
            "mode":"raw",
            "size":0,
            "uuid":"00000000-0000-0000-0000-000000000000",
            "sector_size":512,
            "state":"disabled",
            "numa_node":1,
            "target_node":9
          }
        ]
      },
      {
        "dev":"region0",
        "size":135291469824,
        "align":16777216,
        "available_size":0,
        "max_available_extent":0,
        "type":"pmem",
        "numa_node":0,
        "target_node":2,
        "iset_id":1230567436625414690,
        "mappings":[
          {
            "dimm":"nmem0",
            "offset":268435456,
            "length":135291469824,
            "position":0
          }
        ],
        "capabilities":[
          {
            "mode":"sector",
            "sector_sizes":[
              512,
              520,
              528,
              4096,
              4104,
              4160,
              4224
            ]
          },
          {
            "mode":"fsdax",
            "alignments":[
              4096,
              2097152,
              1073741824
            ]
          },
          {
            "mode":"devdax",
            "alignments":[
              4096,
              2097152,
              1073741824
            ]
          }
        ],
        "persistence_domain":"memory_controller",
        "namespaces":[
          {
            "dev":"namespace0.1",
            "mode":"raw",
            "size":0,
            "uuid":"00000000-0000-0000-0000-000000000000",
            "sector_size":512,
            "state":"disabled",
            "numa_node":0,
            "target_node":2
          },
          {
            "dev":"namespace0.0",
            "mode":"fsdax",
            "map":"dev",
            "size":133175443456,
            "uuid":"7b53bc3c-2675-4f9b-ace0-5d65b7531d89",
            "raw_uuid":"c1acdb97-5ddb-407a-8259-4c8cd4bd78ef",
            "sector_size":512,
            "align":2097152,
            "blockdev":"pmem0",
            "numa_node":0,
            "target_node":2
          }
        ]
      },
      {
        "dev":"region2",
        "size":135291469824,
        "align":16777216,
        "available_size":0,
        "max_available_extent":0,
        "type":"pmem",
        "numa_node":0,
        "target_node":4,
        "iset_id":16650892561530522146,
        "mappings":[
          {
            "dimm":"nmem2",
            "offset":268435456,
            "length":135291469824,
            "position":0
          }
        ],
        "capabilities":[
          {
            "mode":"sector",
            "sector_sizes":[
              512,
              520,
              528,
              4096,
              4104,
              4160,
              4224
            ]
          },
          {
            "mode":"fsdax",
            "alignments":[
              4096,
              2097152,
              1073741824
            ]
          },
          {
            "mode":"devdax",
            "alignments":[
              4096,
              2097152,
              1073741824
            ]
          }
        ],
        "persistence_domain":"memory_controller",
        "namespaces":[
          {
            "dev":"namespace2.1",
            "mode":"raw",
            "size":0,
            "uuid":"00000000-0000-0000-0000-000000000000",
            "sector_size":512,
            "state":"disabled",
            "numa_node":0,
            "target_node":4
          },
          {
            "dev":"namespace2.0",
            "mode":"fsdax",
            "map":"dev",
            "size":133175443456,
            "uuid":"653de803-e3db-4891-81c4-326510007f21",
            "raw_uuid":"319c0769-9fe6-4254-b4c1-9299c917719a",
            "sector_size":512,
            "align":2097152,
            "blockdev":"pmem2",
            "numa_node":0,
            "target_node":4
          }
        ]
      },
      {
        "dev":"region4",
        "size":135291469824,
        "align":16777216,
        "available_size":0,
        "max_available_extent":0,
        "type":"pmem",
        "numa_node":1,
        "target_node":6,
        "iset_id":8580442029953681954,
        "mappings":[
          {
            "dimm":"nmem4",
            "offset":268435456,
            "length":135291469824,
            "position":0
          }
        ],
        "capabilities":[
          {
            "mode":"sector",
            "sector_sizes":[
              512,
              520,
              528,
              4096,
              4104,
              4160,
              4224
            ]
          },
          {
            "mode":"fsdax",
            "alignments":[
              4096,
              2097152,
              1073741824
            ]
          },
          {
            "mode":"devdax",
            "alignments":[
              4096,
              2097152,
              1073741824
            ]
          }
        ],
        "persistence_domain":"memory_controller",
        "namespaces":[
          {
            "dev":"namespace4.0",
            "mode":"fsdax",
            "map":"dev",
            "size":133175443456,
            "uuid":"ec4e3d7b-026c-4ca8-b60c-db9bd0705c4d",
            "raw_uuid":"c519d607-3a18-4b7e-82ff-fbeb715f38d0",
            "sector_size":512,
            "align":2097152,
            "blockdev":"pmem4",
            "numa_node":1,
            "target_node":6
          },
          {
            "dev":"namespace4.1",
            "mode":"raw",
            "size":0,
            "uuid":"00000000-0000-0000-0000-000000000000",
            "sector_size":512,
            "state":"disabled",
            "numa_node":1,
            "target_node":6
          }
        ]
      },
      {
        "dev":"region6",
        "size":135291469824,
        "align":16777216,
        "available_size":0,
        "max_available_extent":0,
        "type":"pmem",
        "numa_node":1,
        "target_node":8,
        "iset_id":3392295259961068066,
        "mappings":[
          {
            "dimm":"nmem6",
            "offset":268435456,
            "length":135291469824,
            "position":0
          }
        ],
        "capabilities":[
          {
            "mode":"sector",
            "sector_sizes":[
              512,
              520,
              528,
              4096,
              4104,
              4160,
              4224
            ]
          },
          {
            "mode":"fsdax",
            "alignments":[
              4096,
              2097152,
              1073741824
            ]
          },
          {
            "mode":"devdax",
            "alignments":[
              4096,
              2097152,
              1073741824
            ]
          }
        ],
        "persistence_domain":"memory_controller",
        "namespaces":[
          {
            "dev":"namespace6.1",
            "mode":"raw",
            "size":0,
            "uuid":"00000000-0000-0000-0000-000000000000",
            "sector_size":512,
            "state":"disabled",
            "numa_node":1,
            "target_node":8
          },
          {
            "dev":"namespace6.0",
            "mode":"fsdax",
            "map":"dev",
            "size":133175443456,
            "uuid":"c373288a-6a90-455b-9ee7-c937d0d5c6b0",
            "raw_uuid":"491f14b9-e71e-4647-afad-d3956e426c53",
            "sector_size":512,
            "align":2097152,
            "blockdev":"pmem6",
            "numa_node":1,
            "target_node":8
          }
        ]
      }
    ]
  }
]
